[00:03:48] [Server thread/WARN]: Hito_o_Aisuru moved too quickly! 9.893133488025228,0.0,2.6447640371810053
[00:03:55] [Async Chat Thread - #8/INFO]: [Not Secure] <mathias6222> jaja
[00:04:03] [Async Chat Thread - #9/INFO]: [Not Secure] <mathias6222> se movió muy rápido xD
[00:04:08] [Async Chat Thread - #8/INFO]: [Not Secure] <mathias6222> salió en la consola
[00:04:12] [Async Chat Thread - #9/INFO]: [Not Secure] <Hito_o_Aisuru> ?
[00:04:30] [Async Chat Thread - #8/INFO]: [Not Secure] <mathias6222> a cierto
[00:04:41] [Async Chat Thread - #9/INFO]: [Not Secure] <mathias6222> ya no hay keepinventory bro
[00:05:16] [Async Chat Thread - #8/INFO]: [Not Secure] <mathias6222> el Barrios me ganó y le quité eso xD
[00:05:33] [Async Chat Thread - #9/INFO]: [Not Secure] <mathias6222> ñamñam
[00:05:37] [Async Chat Thread - #8/INFO]: [Not Secure] <Hito_o_Aisuru> ay
[00:05:42] [Async Chat Thread - #9/INFO]: [Not Secure] <Hito_o_Aisuru> ta bien
[00:05:56] [Async Chat Thread - #8/INFO]: [Not Secure] <mathias6222> o mi pollito quisiera aún mantener inventario? :3
[00:06:01] [Async Chat Thread - #9/INFO]: [Not Secure] <mathias6222> a cierto
[00:06:09] [Async Chat Thread - #9/INFO]: [Not Secure] <mathias6222> me falta el skinrestorer xD
[00:06:21] [Async Chat Thread - #8/INFO]: [Not Secure] <mathias6222> ñam :D
[00:06:23] [Async Chat Thread - #9/INFO]: [Not Secure] <Hito_o_Aisuru> tonces poqué puedo ver a mi skin
[00:06:30] [Async Chat Thread - #9/INFO]: [Not Secure] <mathias6222> por tlauncher creo
[00:07:17] [Async Chat Thread - #8/INFO]: [Not Secure] <mathias6222> ññam
[00:07:32] [Async Chat Thread - #9/INFO]: [Not Secure] <mathias6222> activo el mantener inventario pollo?
[00:07:45] [Async Chat Thread - #8/INFO]: [Not Secure] <Hito_o_Aisuru> si tu quieres mi cielo
[00:07:48] [Async Chat Thread - #9/INFO]: [Not Secure] <Hito_o_Aisuru> la verdad no me molesta
[00:08:10] [Async Chat Thread - #8/INFO]: [Not Secure] <mathias6222> pero qué preferiría más mi amorsito? :3
[00:08:40] [Async Chat Thread - #9/INFO]: [Not Secure] <Hito_o_Aisuru> ee
[00:08:45] [Async Chat Thread - #8/INFO]: [Not Secure] <Hito_o_Aisuru> la verdad no sé-
[00:08:56] [Async Chat Thread - #9/INFO]: [Not Secure] <Hito_o_Aisuru> lo único que haría es intentar no morir ya
[00:08:59] [Async Chat Thread - #9/INFO]: [Not Secure] <Hito_o_Aisuru> y ya*
[00:09:03] [Async Chat Thread - #8/INFO]: [Not Secure] <Hito_o_Aisuru> y no explorar tanto
